<?xml version="1.0" encoding="utf-8"?>
<job process_class="/test" order="true" idle_timeout="60"
     xmlns:xsi="http://www.w3.org/2001/XMLSchema-instance" xsi:noNamespaceSchemaLocation="http://www.sos-berlin.com/repository/scheduler/1.7/scheduler.xsd"
>
    <script java_class="com.sos.scheduler.engine.tests.scheduler.fileorder.TestDeleteJob"/>
</job>
