<?xml version="1.0" encoding="utf-8"?>
<job_chain xmlns:xsi="http://www.w3.org/2001/XMLSchema-instance" xsi:noNamespaceSchemaLocation="http://www.sos-berlin.com/repository/scheduler/1.7/scheduler.xsd"
    max_orders="3"
>
    <job_chain_node state="100" job="test-a"/>
    <job_chain_node.end state="109"/>
</job_chain>
