<?xml version="1.0" encoding="utf-8"?>
<job xmlns:xsi="http://www.w3.org/2001/XMLSchema-instance" xsi:noNamespaceSchemaLocation="http://www.sos-berlin.com/repository/scheduler/1.7/scheduler.xsd"
    tasks="99"
>
    <script language="shell">
:;if false; then :
    @echo off
    goto WINDOWS
fi
sleep 2
exit

:WINDOWS
ping -n 3 127.0.0.1 >nul
    </script>
</job>
